<?xml version="1.0" encoding="UTF-8"?>
<testng-results skipped="0" failed="0" total="1" passed="1">
  <reporter-output>
  </reporter-output>
  <suite name="Default suite" duration-ms="21424" started-at="2018-08-18T03:51:11Z" finished-at="2018-08-18T03:51:33Z">
    <groups>
    </groups>
    <test name="Default test" duration-ms="21424" started-at="2018-08-18T03:51:11Z" finished-at="2018-08-18T03:51:33Z">
      <class name="com.TestCase.SampleTestCase">
        <test-method status="PASS" signature="launchbrowser()[pri:0, instance:com.TestCase.SampleTestCase@6d78f375]" name="launchbrowser" duration-ms="21374" started-at="2018-08-18T09:21:11Z" finished-at="2018-08-18T09:21:33Z">
          <reporter-output>
          </reporter-output>
        </test-method> <!-- launchbrowser -->
      </class> <!-- com.TestCase.SampleTestCase -->
    </test> <!-- Default test -->
  </suite> <!-- Default suite -->
</testng-results>
